2023-11-22 05:40:48.298 WARNING (MainThread) [zeroconf] Error with socket 20 (('192.168.0.110', 5353))): [Errno 101] Network unreachable
Traceback (most recent call last):
  File "/usr/local/lib/python3.11/asyncio/selector_events.py", line 1190, in sendto
    self._sock.sendto(data, addr)
OSError: [Errno 101] Network unreachable
2023-11-22 05:40:48.340 ERROR (MainThread) [homeassistant.components.ipp.coordinator] Error fetching ipp data: Invalid response from API: Timeout occurred while connecting to IPP server.
2023-11-22 05:40:49.018 ERROR (MainThread) [async_upnp_client.ssdp] Received error: [Errno 101] Network unreachable, transport: <_SelectorDatagramTransport fd=28 read=polling write=<idle, bufsize=0>>, socket: <asyncio.TransportSocket fd=28, family=2, type=2, proto=0, laddr=('0.0.0.0', 36078)>
2023-11-22 05:40:49.021 ERROR (MainThread) [async_upnp_client.ssdp] Received error: [Errno 101] Network unreachable, transport: <_SelectorDatagramTransport fd=28 read=polling write=<idle, bufsize=0>>, socket: <asyncio.TransportSocket fd=28, family=2, type=2, proto=0, laddr=('0.0.0.0', 36078)>
2023-11-22 05:40:49.514 WARNING (MainThread) [hass_nabucasa.iot] Connection closed: Cannot write to closing transport
2023-11-22 05:40:56.460 WARNING (MainThread) [homeassistant.components.google_assistant.helpers] Webhook handler 61417ac7797aabf4123ce3e6b565c1778185ba1ccb54ea16c1409b458870efb3 for agent user id a822c89a-6397-4b78-b049-79af9b17f582 is already defined!
2023-11-22 05:40:56.461 WARNING (MainThread) [homeassistant.components.google_assistant.helpers] Local fulfillment failed to setup, falling back to cloud fulfillment
2023-11-22 05:42:19.610 ERROR (MainThread) [snitun.multiplexer.core] Ping fails, no response from peer
2023-11-22 05:51:30.369 WARNING (MainThread) [hass_nabucasa.iot] Connection closed: Cannot write to closing transport
2023-11-22 05:51:33.989 WARNING (MainThread) [homeassistant.components.google_assistant.helpers] Webhook handler 61417ac7797aabf4123ce3e6b565c1778185ba1ccb54ea16c1409b458870efb3 for agent user id a822c89a-6397-4b78-b049-79af9b17f582 is already defined!
2023-11-22 05:51:33.989 WARNING (MainThread) [homeassistant.components.google_assistant.helpers] Local fulfillment failed to setup, falling back to cloud fulfillment
2023-11-22 06:01:30.460 WARNING (MainThread) [hass_nabucasa.iot] Connection closed: Cannot write to closing transport
2023-11-22 06:01:38.134 WARNING (MainThread) [homeassistant.components.google_assistant.helpers] Webhook handler 61417ac7797aabf4123ce3e6b565c1778185ba1ccb54ea16c1409b458870efb3 for agent user id a822c89a-6397-4b78-b049-79af9b17f582 is already defined!
2023-11-22 06:01:38.135 WARNING (MainThread) [homeassistant.components.google_assistant.helpers] Local fulfillment failed to setup, falling back to cloud fulfillment
2023-11-22 06:01:57.126 ERROR (MainThread) [homeassistant.components.roku.coordinator] Error fetching roku data: Invalid response from API: Timeout occurred while connecting to device
2023-11-22 06:02:48.402 ERROR (MainThread) [homeassistant.components.roku.coordinator] Error fetching roku data: Invalid response from API: Timeout occurred while connecting to device
2023-11-22 06:03:00.595 ERROR (MainThread) [snitun.multiplexer.core] Ping fails, no response from peer
2023-11-22 06:06:53.850 ERROR (MainThread) [homeassistant.components.roku.coordinator] Error fetching roku data: Invalid response from API: Error occurred while communicating with device
2023-11-22 06:08:23.843 ERROR (MainThread) [homeassistant.components.roku.coordinator] Error fetching roku data: Invalid response from API: Timeout occurred while connecting to device
2023-11-22 06:10:14.038 WARNING (MainThread) [hass_nabucasa.iot] Connection closed: Cannot write to closing transport
2023-11-22 06:10:18.849 WARNING (MainThread) [homeassistant.components.google_assistant.helpers] Webhook handler 61417ac7797aabf4123ce3e6b565c1778185ba1ccb54ea16c1409b458870efb3 for agent user id a822c89a-6397-4b78-b049-79af9b17f582 is already defined!
2023-11-22 06:10:18.850 WARNING (MainThread) [homeassistant.components.google_assistant.helpers] Local fulfillment failed to setup, falling back to cloud fulfillment
2023-11-22 06:12:05.810 ERROR (MainThread) [homeassistant.components.ipp.coordinator] Error fetching ipp data: Invalid response from API: Timeout occurred while connecting to IPP server.
2023-11-22 06:12:06.097 WARNING (MainThread) [hass_nabucasa.iot] Connection closed: Cannot write to closing transport
2023-11-22 06:12:12.220 WARNING (MainThread) [homeassistant.components.google_assistant.helpers] Webhook handler 61417ac7797aabf4123ce3e6b565c1778185ba1ccb54ea16c1409b458870efb3 for agent user id a822c89a-6397-4b78-b049-79af9b17f582 is already defined!
2023-11-22 06:12:12.221 WARNING (MainThread) [homeassistant.components.google_assistant.helpers] Local fulfillment failed to setup, falling back to cloud fulfillment
2023-11-22 06:21:36.589 WARNING (MainThread) [hass_nabucasa.iot] Connection closed: Cannot write to closing transport
2023-11-22 06:21:42.800 WARNING (MainThread) [homeassistant.components.google_assistant.helpers] Webhook handler 61417ac7797aabf4123ce3e6b565c1778185ba1ccb54ea16c1409b458870efb3 for agent user id a822c89a-6397-4b78-b049-79af9b17f582 is already defined!
2023-11-22 06:21:42.800 WARNING (MainThread) [homeassistant.components.google_assistant.helpers] Local fulfillment failed to setup, falling back to cloud fulfillment
2023-11-22 06:22:41.445 WARNING (MainThread) [homeassistant.components.google_assistant.helpers] Webhook handler 61417ac7797aabf4123ce3e6b565c1778185ba1ccb54ea16c1409b458870efb3 for agent user id a822c89a-6397-4b78-b049-79af9b17f582 is already defined!
2023-11-22 06:22:41.447 WARNING (MainThread) [homeassistant.components.google_assistant.helpers] Local fulfillment failed to setup, falling back to cloud fulfillment
2023-11-22 06:23:06.697 ERROR (MainThread) [snitun.multiplexer.core] Ping fails, no response from peer
2023-11-22 06:32:25.812 ERROR (MainThread) [homeassistant.components.roku.coordinator] Error fetching roku data: Invalid response from API: Timeout occurred while connecting to device
2023-11-22 07:07:41.365 ERROR (MainThread) [snitun.multiplexer.core] Ping fails, no response from peer
2023-11-22 07:24:16.443 WARNING (MainThread) [homeassistant.components.google_assistant.helpers] Webhook handler 61417ac7797aabf4123ce3e6b565c1778185ba1ccb54ea16c1409b458870efb3 for agent user id a822c89a-6397-4b78-b049-79af9b17f582 is already defined!
2023-11-22 07:24:16.444 WARNING (MainThread) [homeassistant.components.google_assistant.helpers] Local fulfillment failed to setup, falling back to cloud fulfillment
